Using pre-set license
Built from '2022.3/staging' branch; Version is '2022.3.21f1 (bf09ca542b87) revision 12519882'; Using compiler version '192829333'; Build Type 'Release'
OS: 'Windows 11  (10.0.22631) 64bit CoreSingleLanguage' Language: 'en' Physical Memory: 15775 MB
BatchMode: 1, IsHumanControllingUs: 0, StartBugReporterOnCrash: 0, Is64bit: 1, IsPro: 1

COMMAND LINE ARGUMENTS:
C:\Program Files\Unity\Hub\Editor\2022.3.21f1\Editor\Unity.exe
-adb2
-batchMode
-noUpm
-name
AssetImportWorker0
-projectPath
C:/SUDHARSHAN/Unity/NCERT_AR
-logFile
Logs/AssetImportWorker0.log
-srvPort
62634
Successfully changed project path to: C:/SUDHARSHAN/Unity/NCERT_AR
C:/SUDHARSHAN/Unity/NCERT_AR
[UnityMemory] Configuration Parameters - Can be set up in boot.config
    "memorysetup-bucket-allocator-granularity=16"
    "memorysetup-bucket-allocator-bucket-count=8"
    "memorysetup-bucket-allocator-block-size=33554432"
    "memorysetup-bucket-allocator-block-count=8"
    "memorysetup-main-allocator-block-size=16777216"
    "memorysetup-thread-allocator-block-size=16777216"
    "memorysetup-gfx-main-allocator-block-size=16777216"
    "memorysetup-gfx-thread-allocator-block-size=16777216"
    "memorysetup-cache-allocator-block-size=4194304"
    "memorysetup-typetree-allocator-block-size=2097152"
    "memorysetup-profiler-bucket-allocator-granularity=16"
    "memorysetup-profiler-bucket-allocator-bucket-count=8"
    "memorysetup-profiler-bucket-allocator-block-size=33554432"
    "memorysetup-profiler-bucket-allocator-block-count=8"
    "memorysetup-profiler-allocator-block-size=16777216"
    "memorysetup-profiler-editor-allocator-block-size=1048576"
    "memorysetup-temp-allocator-size-main=16777216"
    "memorysetup-job-temp-allocator-block-size=2097152"
    "memorysetup-job-temp-allocator-block-size-background=1048576"
    "memorysetup-job-temp-allocator-reduction-small-platforms=262144"
    "memorysetup-allocator-temp-initial-block-size-main=262144"
    "memorysetup-allocator-temp-initial-block-size-worker=262144"
    "memorysetup-temp-allocator-size-background-worker=32768"
    "memorysetup-temp-allocator-size-job-worker=262144"
    "memorysetup-temp-allocator-size-preload-manager=33554432"
    "memorysetup-temp-allocator-size-nav-mesh-worker=65536"
    "memorysetup-temp-allocator-size-audio-worker=65536"
    "memorysetup-temp-allocator-size-cloud-worker=32768"
    "memorysetup-temp-allocator-size-gi-baking-worker=262144"
    "memorysetup-temp-allocator-size-gfx=262144"
Player connection [19188] Host "[IP] 192.168.202.1 [Port] 0 [Flags] 2 [Guid] 4184295043 [EditorId] 4184295043 [Version] 1048832 [Id] WindowsEditor(7,LAPTOP-NNG17RCM) [Debug] 1 [PackageName] WindowsEditor [ProjectName] Editor" joined multi-casting on [225.0.0.222:54997]...

Player connection [19188] Host "[IP] 192.168.202.1 [Port] 0 [Flags] 2 [Guid] 4184295043 [EditorId] 4184295043 [Version] 1048832 [Id] WindowsEditor(7,LAPTOP-NNG17RCM) [Debug] 1 [PackageName] WindowsEditor [ProjectName] Editor" joined alternative multi-casting on [225.0.0.222:34997]...

[Physics::Module] Initialized MultithreadedJobDispatcher with 15 workers.
Refreshing native plugins compatible for Editor in 4554.48 ms, found 6 plugins.
Preloading 2 native plugins for Editor in 4.31 ms.
Initialize engine version: 2022.3.21f1 (bf09ca542b87)
[Subsystems] Discovering subsystems at path C:/Program Files/Unity/Hub/Editor/2022.3.21f1/Editor/Data/Resources/UnitySubsystems
[Subsystems] Discovering subsystems at path C:/SUDHARSHAN/Unity/NCERT_AR/Assets
GfxDevice: creating device client; threaded=0; jobified=0
Direct3D:
    Version:  Direct3D 11.0 [level 11.1]
    Renderer: NVIDIA GeForce RTX 3050 Laptop GPU (ID=0x25a2)
    Vendor:   NVIDIA
    VRAM:     3964 MB
    Driver:   32.0.15.6607
Initialize mono
Mono path[0] = 'C:/Program Files/Unity/Hub/Editor/2022.3.21f1/Editor/Data/Managed'
Mono path[1] = 'C:/Program Files/Unity/Hub/Editor/2022.3.21f1/Editor/Data/MonoBleedingEdge/lib/mono/unityjit-win32'
Mono config path = 'C:/Program Files/Unity/Hub/Editor/2022.3.21f1/Editor/Data/MonoBleedingEdge/etc'
Using monoOptions --debugger-agent=transport=dt_socket,embedding=1,server=y,suspend=n,address=127.0.0.1:56864
Begin MonoManager ReloadAssembly
Registering precompiled unity dll's ...
Register platform support module: C:/Program Files/Unity/Hub/Editor/2022.3.21f1/Editor/Data/PlaybackEngines/AndroidPlayer/UnityEditor.Android.Extensions.dll
Register platform support module: C:/Program Files/Unity/Hub/Editor/2022.3.21f1/Editor/Data/PlaybackEngines/iOSSupport/UnityEditor.iOS.Extensions.dll
Register platform support module: C:/Program Files/Unity/Hub/Editor/2022.3.21f1/Editor/Data/PlaybackEngines/WindowsStandaloneSupport/UnityEditor.WindowsStandalone.Extensions.dll
Registered in 0.666195 seconds.
- Loaded All Assemblies, in 11.184 seconds
Native extension for WindowsStandalone target not found
[usbmuxd] Start listen thread
[usbmuxd] Listen thread started
[usbmuxd] Send listen message
[usbmuxd] Attached: 1 00008110-001A59501AE8401E
Native extension for iOS target not found
Native extension for Android target not found
Android Extension - Scanning For ADB Devices 538 ms
Mono: successfully reloaded assembly
- Finished resetting the current domain, in  1.145 seconds
Domain Reload Profiling: 12328ms
	BeginReloadAssembly (7731ms)
		ExecutionOrderSort (0ms)
		DisableScriptedObjects (0ms)
		BackupInstance (0ms)
		ReleaseScriptingObjects (0ms)
		CreateAndSetChildDomain (1ms)
	RebuildCommonClasses (638ms)
	RebuildNativeTypeToScriptingClass (12ms)
	initialDomainReloadingComplete (725ms)
	LoadAllAssembliesAndSetupDomain (2076ms)
		LoadAssemblies (7730ms)
		RebuildTransferFunctionScriptingTraits (0ms)
		AnalyzeDomain (2073ms)
			TypeCache.Refresh (2071ms)
				TypeCache.ScanAssembly (1595ms)
			ScanForSourceGeneratedMonoScriptInfo (1ms)
			ResolveRequiredComponents (1ms)
	FinalizeReload (1146ms)
		ReleaseScriptCaches (0ms)
		RebuildScriptCaches (0ms)
		SetupLoadedEditorAssemblies (1065ms)
			LogAssemblyErrors (0ms)
			InitializePlatformSupportModulesInManaged (848ms)
			SetLoadedEditorAssemblies (4ms)
			RefreshPlugins (0ms)
			BeforeProcessingInitializeOnLoad (2ms)
			ProcessInitializeOnLoadAttributes (147ms)
			ProcessInitializeOnLoadMethodAttributes (64ms)
			AfterProcessingInitializeOnLoad (0ms)
			EditorAssembliesLoaded (0ms)
		ExecutionOrderSort2 (0ms)
		AwakeInstancesAfterBackupRestoration (0ms)
========================================================================
Worker process is ready to serve import requests
Begin MonoManager ReloadAssembly
Symbol file LoadedFromMemory is not a mono symbol file
- Loaded All Assemblies, in 10.611 seconds
Refreshing native plugins compatible for Editor in 8.96 ms, found 6 plugins.
Native extension for WindowsStandalone target not found
Native extension for iOS target not found
Native extension for Android target not found
Package Manager log level set to [2]
[Package Manager] Server::EnsureServerProcessIsRunning -- launch failed, reason: Unity was launched with the -noUpm command-line argument
[Package Manager] UpmClient::Send -- Unable to send message (not connected to UPM process).
[Package Manager] Cannot connect to Unity Package Manager local server
Mono: successfully reloaded assembly
- Finished resetting the current domain, in  0.724 seconds
Domain Reload Profiling: 11333ms
	BeginReloadAssembly (208ms)
		ExecutionOrderSort (0ms)
		DisableScriptedObjects (8ms)
		BackupInstance (0ms)
		ReleaseScriptingObjects (0ms)
		CreateAndSetChildDomain (32ms)
	RebuildCommonClasses (44ms)
	RebuildNativeTypeToScriptingClass (12ms)
	initialDomainReloadingComplete (106ms)
	LoadAllAssembliesAndSetupDomain (10237ms)
		LoadAssemblies (9317ms)
		RebuildTransferFunctionScriptingTraits (0ms)
		AnalyzeDomain (1041ms)
			TypeCache.Refresh (1013ms)
				TypeCache.ScanAssembly (904ms)
			ScanForSourceGeneratedMonoScriptInfo (20ms)
			ResolveRequiredComponents (7ms)
	FinalizeReload (725ms)
		ReleaseScriptCaches (0ms)
		RebuildScriptCaches (0ms)
		SetupLoadedEditorAssemblies (524ms)
			LogAssemblyErrors (0ms)
			InitializePlatformSupportModulesInManaged (41ms)
			SetLoadedEditorAssemblies (4ms)
			RefreshPlugins (0ms)
			BeforeProcessingInitializeOnLoad (68ms)
			ProcessInitializeOnLoadAttributes (375ms)
			ProcessInitializeOnLoadMethodAttributes (30ms)
			AfterProcessingInitializeOnLoad (6ms)
			EditorAssembliesLoaded (0ms)
		ExecutionOrderSort2 (0ms)
		AwakeInstancesAfterBackupRestoration (10ms)
database is locked
Failed to delete database file Library/ShaderCache.db
Launched and connected shader compiler UnityShaderCompiler.exe after 0.12 seconds
Refreshing native plugins compatible for Editor in 10.73 ms, found 6 plugins.
Preloading 2 native plugins for Editor in 0.10 ms.
Unloading 3229 Unused Serialized files (Serialized files now loaded: 0)
Unloading 62 unused Assets / (106.1 KB). Loaded Objects now: 4009.
Memory consumption went from 146.9 MB to 146.8 MB.
Total: 8.504700 ms (FindLiveObjects: 0.883600 ms CreateObjectMapping: 0.674000 ms MarkObjects: 6.671800 ms  DeleteObjects: 0.273300 ms)

AssetImportParameters requested are different than current active one (requested -> active):
  custom:container-demuxer-ogg: 62fdf1f143b41e24485cea50d1cbac27 -> 
  custom:video-decoder-ogg-theora: a1e56fd34408186e4bbccfd4996cb3dc -> 
  custom:framework-win-MediaFoundation: 216162199b28c13a410421893ffa2e32 -> 
  custom:CustomObjectIndexerAttribute: 9a22284fe3817be447336de3de66b15e -> 
  custom:container-demuxer-webm: 4f35f7cbe854078d1ac9338744f61a02 -> 
  custom:container-muxer-webm: aa71ff27fc2769a1b78a27578f13a17b -> 
  custom:video-decoder-webm-vp8: 9c59270c3fd7afecdb556c50c9e8de78 -> 
  custom:SearchIndexIgnoredProperties: e643bd26f0fe6173181afceb89e7c659 -> 
  custom:AudioImporter_EditorPlatform: d09bf68614088b80899f8185d706f6e7 -> 
  custom:video-encoder-webm-vp8: eb34c28f22e8b96e1ab97ce403110664 -> 
  custom:audio-decoder-ogg-vorbis: bf7c407c2cedff20999df2af8eb42d56 -> 
  custom:audio-encoder-webm-vorbis: bf7c407c2cedff20999df2af8eb42d56 -> 
========================================================================
Received Import Request.
  Time since last request: 15053.470353 seconds.
  path: Assets/Models/Atom/Atom.prefab
  artifactKey: Guid(97ddd1a853ea8c64dbbfeba5eb1d142f) Importer(815301076,1909f56bfc062723c751e8b465ee728b)
Start importing Assets/Models/Atom/Atom.prefab using Guid(97ddd1a853ea8c64dbbfeba5eb1d142f) Importer(815301076,1909f56bfc062723c751e8b465ee728b)  -> (artifact id: '2f7c35abe48911bb9476e12581597901') in 0.521422 seconds
Number of updated asset objects reloaded before import = 0
Number of asset objects unloaded after import = 21
========================================================================
Received Import Request.
  Time since last request: 159.375928 seconds.
  path: Assets/Models/Atom
  artifactKey: Guid(8a7d73b47499879489d76d3398c1adc5) Importer(815301076,1909f56bfc062723c751e8b465ee728b)
Start importing Assets/Models/Atom using Guid(8a7d73b47499879489d76d3398c1adc5) Importer(815301076,1909f56bfc062723c751e8b465ee728b)  -> (artifact id: '19a26081a60c966b1f7fe08799bc00a1') in 0.000586 seconds
Number of updated asset objects reloaded before import = 0
Number of asset objects unloaded after import = 0
========================================================================
Received Import Request.
  Time since last request: 139.516110 seconds.
  path: Assets/Models/Atom/Atom.prefab
  artifactKey: Guid(97ddd1a853ea8c64dbbfeba5eb1d142f) Importer(815301076,1909f56bfc062723c751e8b465ee728b)
Start importing Assets/Models/Atom/Atom.prefab using Guid(97ddd1a853ea8c64dbbfeba5eb1d142f) Importer(815301076,1909f56bfc062723c751e8b465ee728b)  -> (artifact id: 'c9ea74df9c51c7b1c289af01d674f6da') in 0.476177 seconds
Number of updated asset objects reloaded before import = 0
Number of asset objects unloaded after import = 146
========================================================================
Received Import Request.
  Time since last request: 80.908050 seconds.
  path: Assets/Models/Atom/_4.prefab
  artifactKey: Guid(b5bb31fc7861e314e92c3f19a873be70) Importer(815301076,1909f56bfc062723c751e8b465ee728b)
Start importing Assets/Models/Atom/_4.prefab using Guid(b5bb31fc7861e314e92c3f19a873be70) Importer(815301076,1909f56bfc062723c751e8b465ee728b)  -> (artifact id: '80673d60d796dc1049756dd20e75e8f5') in 0.017363 seconds
Number of updated asset objects reloaded before import = 0
Number of asset objects unloaded after import = 12
========================================================================
Received Import Request.
  Time since last request: 0.004144 seconds.
  path: Assets/Models/Atom/_0.prefab
  artifactKey: Guid(a966729cbb30d5944964ab22343a9ccc) Importer(815301076,1909f56bfc062723c751e8b465ee728b)
Start importing Assets/Models/Atom/_0.prefab using Guid(a966729cbb30d5944964ab22343a9ccc) Importer(815301076,1909f56bfc062723c751e8b465ee728b)  -> (artifact id: 'e4a077170ae468b5d1309a4d64b5bcd0') in 0.019837 seconds
Number of updated asset objects reloaded before import = 0
Number of asset objects unloaded after import = 12
========================================================================
Received Import Request.
  Time since last request: 0.000024 seconds.
  path: Assets/Models/Atom/_6.prefab
  artifactKey: Guid(e6679d5fd3e08c146b2c5eafe2ea521c) Importer(815301076,1909f56bfc062723c751e8b465ee728b)
Start importing Assets/Models/Atom/_6.prefab using Guid(e6679d5fd3e08c146b2c5eafe2ea521c) Importer(815301076,1909f56bfc062723c751e8b465ee728b)  -> (artifact id: '572837ae9f7789d6d6c1e55841035488') in 0.035628 seconds
Number of updated asset objects reloaded before import = 0
Number of asset objects unloaded after import = 12
========================================================================
Received Import Request.
  Time since last request: 0.000037 seconds.
  path: Assets/Models/Atom/_9.prefab
  artifactKey: Guid(7d573b50c298fae418878c25cbe60cbd) Importer(815301076,1909f56bfc062723c751e8b465ee728b)
Start importing Assets/Models/Atom/_9.prefab using Guid(7d573b50c298fae418878c25cbe60cbd) Importer(815301076,1909f56bfc062723c751e8b465ee728b)  -> (artifact id: '997b6b78a48fea4d7fe9727b8c2249b7') in 0.024636 seconds
Number of updated asset objects reloaded before import = 0
Number of asset objects unloaded after import = 12
========================================================================
Received Import Request.
  Time since last request: 0.000072 seconds.
  path: Assets/Models/Atom/Atom.prefab
  artifactKey: Guid(97ddd1a853ea8c64dbbfeba5eb1d142f) Importer(815301076,1909f56bfc062723c751e8b465ee728b)
Start importing Assets/Models/Atom/Atom.prefab using Guid(97ddd1a853ea8c64dbbfeba5eb1d142f) Importer(815301076,1909f56bfc062723c751e8b465ee728b)  -> (artifact id: 'fb58542fe96b0b990ab998c7704ee8d6') in 0.090540 seconds
Number of updated asset objects reloaded before import = 0
Number of asset objects unloaded after import = 262
========================================================================
Received Import Request.
  Time since last request: 0.000032 seconds.
  path: Assets/Models/Atom/_10.prefab
  artifactKey: Guid(e98a9645c9997e54bb14850111423916) Importer(815301076,1909f56bfc062723c751e8b465ee728b)
Start importing Assets/Models/Atom/_10.prefab using Guid(e98a9645c9997e54bb14850111423916) Importer(815301076,1909f56bfc062723c751e8b465ee728b)  -> (artifact id: '63275df76bb3e7014a7529671983ccc9') in 0.032414 seconds
Number of updated asset objects reloaded before import = 0
Number of asset objects unloaded after import = 12
========================================================================
Received Import Request.
  Time since last request: 0.000046 seconds.
  path: Assets/Models/Atom/_3.prefab
  artifactKey: Guid(992e466a5ef51024ea69b496ddc462e2) Importer(815301076,1909f56bfc062723c751e8b465ee728b)
Start importing Assets/Models/Atom/_3.prefab using Guid(992e466a5ef51024ea69b496ddc462e2) Importer(815301076,1909f56bfc062723c751e8b465ee728b)  -> (artifact id: 'fc28f9d17722959f27866808db6da145') in 0.032445 seconds
Number of updated asset objects reloaded before import = 0
Number of asset objects unloaded after import = 12
========================================================================
Received Import Request.
  Time since last request: 0.000114 seconds.
  path: Assets/Models/Atom/_8.prefab
  artifactKey: Guid(b57458debd451ff4a826a60d76879c21) Importer(815301076,1909f56bfc062723c751e8b465ee728b)
Start importing Assets/Models/Atom/_8.prefab using Guid(b57458debd451ff4a826a60d76879c21) Importer(815301076,1909f56bfc062723c751e8b465ee728b)  -> (artifact id: '3b2829977f02d8f9941c60b9cc926277') in 0.034542 seconds
Number of updated asset objects reloaded before import = 0
Number of asset objects unloaded after import = 12
========================================================================
Received Import Request.
  Time since last request: 0.000027 seconds.
  path: Assets/Models/Atom/_7.prefab
  artifactKey: Guid(97eaf491ef176ab45b5b70782e0457ea) Importer(815301076,1909f56bfc062723c751e8b465ee728b)
Start importing Assets/Models/Atom/_7.prefab using Guid(97eaf491ef176ab45b5b70782e0457ea) Importer(815301076,1909f56bfc062723c751e8b465ee728b)  -> (artifact id: 'c7d3a4b3a9adb36ef430574b0c26dad9') in 0.028245 seconds
Number of updated asset objects reloaded before import = 0
Number of asset objects unloaded after import = 12
========================================================================
Received Import Request.
  Time since last request: 0.000036 seconds.
  path: Assets/Models/Atom/_11.prefab
  artifactKey: Guid(221af9bc19f59054fb5068bb08415da8) Importer(815301076,1909f56bfc062723c751e8b465ee728b)
Start importing Assets/Models/Atom/_11.prefab using Guid(221af9bc19f59054fb5068bb08415da8) Importer(815301076,1909f56bfc062723c751e8b465ee728b)  -> (artifact id: 'd13cb7ebde637f56863ab90bae4c68da') in 0.029099 seconds
Number of updated asset objects reloaded before import = 0
Number of asset objects unloaded after import = 12
========================================================================
Received Import Request.
  Time since last request: 0.000035 seconds.
  path: Assets/Models/Atom/node_id166_17.prefab
  artifactKey: Guid(aacc71211ae271d40b0a608c027bdf1c) Importer(815301076,1909f56bfc062723c751e8b465ee728b)
Start importing Assets/Models/Atom/node_id166_17.prefab using Guid(aacc71211ae271d40b0a608c027bdf1c) Importer(815301076,1909f56bfc062723c751e8b465ee728b)  -> (artifact id: '9b43bc2807a07623229aab28e7537575') in 0.024463 seconds
Number of updated asset objects reloaded before import = 0
Number of asset objects unloaded after import = 37
========================================================================
Received Import Request.
  Time since last request: 0.000024 seconds.
  path: Assets/Models/Atom/_5.prefab
  artifactKey: Guid(5ee4a9b108dc59647a54a829356eb8f3) Importer(815301076,1909f56bfc062723c751e8b465ee728b)
Start importing Assets/Models/Atom/_5.prefab using Guid(5ee4a9b108dc59647a54a829356eb8f3) Importer(815301076,1909f56bfc062723c751e8b465ee728b)  -> (artifact id: 'c89379c3daa0a5413a864e8799f31ca4') in 0.035382 seconds
Number of updated asset objects reloaded before import = 0
Number of asset objects unloaded after import = 12
Editor requested this worker to shutdown with reason: Scaling down because of idle timeout
TcpMessagingSession - receive error: operation aborted. errorcode: 995, details: The I/O operation has been aborted because of either a thread exit or an application request.
AssetImportWorker is now disconnected from the server
Process exiting
Exiting without the bug reporter. Application will terminate with return code 0